2025-11-17 10:14:09 - Raw input: {"id_materia":"1","notas":{}}
2025-11-17 10:14:09 - Processed data: Array
(
    [id_materia] => 1
    [notas] => Array
        (
        )

)

2025-11-17 10:14:09 - Error: Datos de notas inválidos o faltantes
2025-11-17 10:14:46 - Raw input: {"id_materia":"1","notas":{}}
2025-11-17 10:14:46 - Processed data: Array
(
    [id_materia] => 1
    [notas] => Array
        (
        )

)

2025-11-17 10:14:46 - Error: Datos de notas inválidos o faltantes
2025-11-17 10:18:58 - Raw input: {"id_materia":"1","notas":{"1":{"parcial1":null,"parcial2":1,"final":null}}}
2025-11-17 10:18:58 - Processed data: Array
(
    [id_materia] => 1
    [notas] => Array
        (
            [1] => Array
                (
                    [parcial1] => 
                    [parcial2] => 1
                    [final] => 
                )

        )

)

2025-11-17 10:18:58 - Processing materia ID: 1
2025-11-17 10:18:58 - Notas: Array
(
    [1] => Array
        (
            [parcial1] => 
            [parcial2] => 1
            [final] => 
        )

)

2025-11-17 10:20:47 - Raw input: {"id_materia":"1","notas":{"1":{"parcial1":1,"parcial2":1,"final":1}}}
2025-11-17 10:20:47 - Processed data: Array
(
    [id_materia] => 1
    [notas] => Array
        (
            [1] => Array
                (
                    [parcial1] => 1
                    [parcial2] => 1
                    [final] => 1
                )

        )

)

2025-11-17 10:20:47 - Processing materia ID: 1
2025-11-17 10:20:47 - Notas: Array
(
    [1] => Array
        (
            [parcial1] => 1
            [parcial2] => 1
            [final] => 1
        )

)

2025-11-17 10:22:15 - Raw input: {"id_materia":"1","notas":{"1":{"parcial1":1,"parcial2":1,"final":1}}}
2025-11-17 10:22:15 - Processed data: Array
(
    [id_materia] => 1
    [notas] => Array
        (
            [1] => Array
                (
                    [parcial1] => 1
                    [parcial2] => 1
                    [final] => 1
                )

        )

)

2025-11-17 10:22:15 - Processing materia ID: 1
2025-11-17 10:22:15 - Notas: Array
(
    [1] => Array
        (
            [parcial1] => 1
            [parcial2] => 1
            [final] => 1
        )

)

2025-11-17 12:49:58 - Raw input: {"id_materia":"1","notas":{"1":{"parcial1":1,"parcial2":1,"final":1}}}
2025-11-17 12:49:58 - Processed data: Array
(
    [id_materia] => 1
    [notas] => Array
        (
            [1] => Array
                (
                    [parcial1] => 1
                    [parcial2] => 1
                    [final] => 1
                )

        )

)

2025-11-17 12:49:58 - Processing materia ID: 1
2025-11-17 12:49:58 - Notas: Array
(
    [1] => Array
        (
            [parcial1] => 1
            [parcial2] => 1
            [final] => 1
        )

)

2025-11-17 12:58:06 - Raw input: {"id_materia":"1","notas":{"1":{"parcial1":null}}}
2025-11-17 12:58:06 - Processed data: Array
(
    [id_materia] => 1
    [notas] => Array
        (
            [1] => Array
                (
                    [parcial1] => 
                )

        )

)

2025-11-17 12:58:06 - Processing materia ID: 1
2025-11-17 12:58:06 - Notas: Array
(
    [1] => Array
        (
            [parcial1] => 
        )

)

2025-11-17 12:58:07 - Raw input: {"id_materia":"1","notas":{"1":{"parcial2":null}}}
2025-11-17 12:58:07 - Processed data: Array
(
    [id_materia] => 1
    [notas] => Array
        (
            [1] => Array
                (
                    [parcial2] => 
                )

        )

)

2025-11-17 12:58:07 - Processing materia ID: 1
2025-11-17 12:58:07 - Notas: Array
(
    [1] => Array
        (
            [parcial2] => 
        )

)

2025-11-17 12:58:08 - Raw input: {"id_materia":"1","notas":{"1":{"parcial1":1}}}
2025-11-17 12:58:08 - Processed data: Array
(
    [id_materia] => 1
    [notas] => Array
        (
            [1] => Array
                (
                    [parcial1] => 1
                )

        )

)

2025-11-17 12:58:08 - Processing materia ID: 1
2025-11-17 12:58:08 - Notas: Array
(
    [1] => Array
        (
            [parcial1] => 1
        )

)

2025-11-17 12:58:10 - Raw input: {"id_materia":"1","notas":{"1":{"parcial2":null}}}
2025-11-17 12:58:10 - Processed data: Array
(
    [id_materia] => 1
    [notas] => Array
        (
            [1] => Array
                (
                    [parcial2] => 
                )

        )

)

2025-11-17 12:58:10 - Processing materia ID: 1
2025-11-17 12:58:10 - Notas: Array
(
    [1] => Array
        (
            [parcial2] => 
        )

)

2025-11-17 12:58:12 - Raw input: {"id_materia":"1","notas":{"1":{"parcial2":null}}}
2025-11-17 12:58:12 - Processed data: Array
(
    [id_materia] => 1
    [notas] => Array
        (
            [1] => Array
                (
                    [parcial2] => 
                )

        )

)

2025-11-17 12:58:12 - Processing materia ID: 1
2025-11-17 12:58:12 - Notas: Array
(
    [1] => Array
        (
            [parcial2] => 
        )

)

2025-11-17 12:58:15 - Raw input: {"id_materia":"1","notas":{"1":{"parcial1":null}}}
2025-11-17 12:58:15 - Processed data: Array
(
    [id_materia] => 1
    [notas] => Array
        (
            [1] => Array
                (
                    [parcial1] => 
                )

        )

)

2025-11-17 12:58:15 - Processing materia ID: 1
2025-11-17 12:58:15 - Notas: Array
(
    [1] => Array
        (
            [parcial1] => 
        )

)

2025-11-17 12:58:17 - Raw input: {"id_materia":"1","notas":{"1":{"parcial1":1}}}
2025-11-17 12:58:17 - Processed data: Array
(
    [id_materia] => 1
    [notas] => Array
        (
            [1] => Array
                (
                    [parcial1] => 1
                )

        )

)

2025-11-17 12:58:17 - Processing materia ID: 1
2025-11-17 12:58:17 - Notas: Array
(
    [1] => Array
        (
            [parcial1] => 1
        )

)

2025-11-17 12:58:19 - Raw input: {"id_materia":"1","notas":{"1":{"parcial2":null}}}
2025-11-17 12:58:19 - Processed data: Array
(
    [id_materia] => 1
    [notas] => Array
        (
            [1] => Array
                (
                    [parcial2] => 
                )

        )

)

2025-11-17 12:58:19 - Processing materia ID: 1
2025-11-17 12:58:19 - Notas: Array
(
    [1] => Array
        (
            [parcial2] => 
        )

)

2025-11-17 12:59:08 - Raw input: {"id_materia":"1","notas":{"1":{"parcial1":1}}}
2025-11-17 12:59:08 - Processed data: Array
(
    [id_materia] => 1
    [notas] => Array
        (
            [1] => Array
                (
                    [parcial1] => 1
                )

        )

)

2025-11-17 12:59:08 - Processing materia ID: 1
2025-11-17 12:59:08 - Notas: Array
(
    [1] => Array
        (
            [parcial1] => 1
        )

)

2025-11-17 12:59:12 - Raw input: {"id_materia":"1","notas":{"1":{"parcial2":null}}}
2025-11-17 12:59:12 - Processed data: Array
(
    [id_materia] => 1
    [notas] => Array
        (
            [1] => Array
                (
                    [parcial2] => 
                )

        )

)

2025-11-17 12:59:12 - Processing materia ID: 1
2025-11-17 12:59:12 - Notas: Array
(
    [1] => Array
        (
            [parcial2] => 
        )

)

2025-11-17 13:00:04 - Raw input: {"id_materia":"1","notas":{"1":{"parcial1":1}}}
2025-11-17 13:00:04 - Processed data: Array
(
    [id_materia] => 1
    [notas] => Array
        (
            [1] => Array
                (
                    [parcial1] => 1
                )

        )

)

2025-11-17 13:00:04 - Processing materia ID: 1
2025-11-17 13:00:04 - Notas: Array
(
    [1] => Array
        (
            [parcial1] => 1
        )

)

2025-11-17 13:00:04 - Intentando incluir: C:\laragon\www\Repo 2do\Firme como Rulo\index/conexion.php
2025-11-17 13:00:10 - Raw input: {"id_materia":"1","notas":{"1":{"parcial2":null}}}
2025-11-17 13:00:10 - Processed data: Array
(
    [id_materia] => 1
    [notas] => Array
        (
            [1] => Array
                (
                    [parcial2] => 
                )

        )

)

2025-11-17 13:00:10 - Processing materia ID: 1
2025-11-17 13:00:10 - Notas: Array
(
    [1] => Array
        (
            [parcial2] => 
        )

)

2025-11-17 13:00:10 - Intentando incluir: C:\laragon\www\Repo 2do\Firme como Rulo\index/conexion.php
2025-11-17 13:00:19 - Raw input: {"id_materia":"1","notas":{"1":{"parcial1":1}}}
2025-11-17 13:00:19 - Processed data: Array
(
    [id_materia] => 1
    [notas] => Array
        (
            [1] => Array
                (
                    [parcial1] => 1
                )

        )

)

2025-11-17 13:00:19 - Processing materia ID: 1
2025-11-17 13:00:19 - Notas: Array
(
    [1] => Array
        (
            [parcial1] => 1
        )

)

2025-11-17 13:00:19 - Intentando incluir: C:\laragon\www\Repo 2do\Firme como Rulo\index/conexion.php
2025-11-17 13:00:21 - Raw input: {"id_materia":"1","notas":{"1":{"parcial2":null}}}
2025-11-17 13:00:21 - Processed data: Array
(
    [id_materia] => 1
    [notas] => Array
        (
            [1] => Array
                (
                    [parcial2] => 
                )

        )

)

2025-11-17 13:00:21 - Processing materia ID: 1
2025-11-17 13:00:21 - Notas: Array
(
    [1] => Array
        (
            [parcial2] => 
        )

)

2025-11-17 13:00:21 - Intentando incluir: C:\laragon\www\Repo 2do\Firme como Rulo\index/conexion.php
2025-11-17 13:00:44 - Raw input: {"id_materia":"1","notas":{"1":{"parcial1":1}}}
2025-11-17 13:00:44 - Processed data: Array
(
    [id_materia] => 1
    [notas] => Array
        (
            [1] => Array
                (
                    [parcial1] => 1
                )

        )

)

2025-11-17 13:00:44 - Processing materia ID: 1
2025-11-17 13:00:44 - Notas: Array
(
    [1] => Array
        (
            [parcial1] => 1
        )

)

2025-11-17 13:00:44 - Intentando incluir: C:\laragon\www\Repo 2do\Firme como Rulo\index/conexion.php
2025-11-17 13:00:50 - Raw input: {"id_materia":"1","notas":{"1":{"parcial2":10}}}
2025-11-17 13:00:50 - Processed data: Array
(
    [id_materia] => 1
    [notas] => Array
        (
            [1] => Array
                (
                    [parcial2] => 10
                )

        )

)

2025-11-17 13:00:50 - Processing materia ID: 1
2025-11-17 13:00:50 - Notas: Array
(
    [1] => Array
        (
            [parcial2] => 10
        )

)

2025-11-17 13:00:50 - Intentando incluir: C:\laragon\www\Repo 2do\Firme como Rulo\index/conexion.php
2025-11-17 13:00:52 - Raw input: {"id_materia":"1","notas":{"1":{"final":4}}}
2025-11-17 13:00:52 - Processed data: Array
(
    [id_materia] => 1
    [notas] => Array
        (
            [1] => Array
                (
                    [final] => 4
                )

        )

)

2025-11-17 13:00:52 - Processing materia ID: 1
2025-11-17 13:00:52 - Notas: Array
(
    [1] => Array
        (
            [final] => 4
        )

)

2025-11-17 13:00:52 - Intentando incluir: C:\laragon\www\Repo 2do\Firme como Rulo\index/conexion.php
2025-11-17 13:01:00 - Raw input: {"id_materia":"1","notas":{"2":{"parcial1":6}}}
2025-11-17 13:01:00 - Processed data: Array
(
    [id_materia] => 1
    [notas] => Array
        (
            [2] => Array
                (
                    [parcial1] => 6
                )

        )

)

2025-11-17 13:01:00 - Processing materia ID: 1
2025-11-17 13:01:00 - Notas: Array
(
    [2] => Array
        (
            [parcial1] => 6
        )

)

2025-11-17 13:01:00 - Intentando incluir: C:\laragon\www\Repo 2do\Firme como Rulo\index/conexion.php
2025-11-17 13:01:00 - Raw input: {"id_materia":"1","notas":{"2":{"parcial2":6}}}
2025-11-17 13:01:00 - Processed data: Array
(
    [id_materia] => 1
    [notas] => Array
        (
            [2] => Array
                (
                    [parcial2] => 6
                )

        )

)

2025-11-17 13:01:00 - Processing materia ID: 1
2025-11-17 13:01:00 - Notas: Array
(
    [2] => Array
        (
            [parcial2] => 6
        )

)

2025-11-17 13:01:00 - Intentando incluir: C:\laragon\www\Repo 2do\Firme como Rulo\index/conexion.php
2025-11-17 13:01:02 - Raw input: {"id_materia":"1","notas":{"2":{"final":10}}}
2025-11-17 13:01:02 - Processed data: Array
(
    [id_materia] => 1
    [notas] => Array
        (
            [2] => Array
                (
                    [final] => 10
                )

        )

)

2025-11-17 13:01:02 - Processing materia ID: 1
2025-11-17 13:01:02 - Notas: Array
(
    [2] => Array
        (
            [final] => 10
        )

)

2025-11-17 13:01:02 - Intentando incluir: C:\laragon\www\Repo 2do\Firme como Rulo\index/conexion.php
2025-11-17 13:01:09 - Raw input: {"id_materia":"1","notas":{"3":{"parcial1":null}}}
2025-11-17 13:01:09 - Processed data: Array
(
    [id_materia] => 1
    [notas] => Array
        (
            [3] => Array
                (
                    [parcial1] => 
                )

        )

)

2025-11-17 13:01:09 - Processing materia ID: 1
2025-11-17 13:01:09 - Notas: Array
(
    [3] => Array
        (
            [parcial1] => 
        )

)

2025-11-17 13:01:09 - Intentando incluir: C:\laragon\www\Repo 2do\Firme como Rulo\index/conexion.php
2025-11-17 13:02:23 - Raw input: {"id_materia":"1","notas":{"1":{"parcial1":1,"parcial2":null,"final":null}}}
2025-11-17 13:02:23 - Processed data: Array
(
    [id_materia] => 1
    [notas] => Array
        (
            [1] => Array
                (
                    [parcial1] => 1
                    [parcial2] => 
                    [final] => 
                )

        )

)

2025-11-17 13:02:23 - Processing materia ID: 1
2025-11-17 13:02:23 - Notas: Array
(
    [1] => Array
        (
            [parcial1] => 1
            [parcial2] => 
            [final] => 
        )

)

2025-11-17 13:02:23 - Intentando incluir: C:\laragon\www\Repo 2do\Firme como Rulo\index/conexion.php
2025-11-17 13:02:24 - Raw input: {"id_materia":"1","notas":{"1":{"parcial1":1,"parcial2":1,"final":null}}}
2025-11-17 13:02:24 - Processed data: Array
(
    [id_materia] => 1
    [notas] => Array
        (
            [1] => Array
                (
                    [parcial1] => 1
                    [parcial2] => 1
                    [final] => 
                )

        )

)

2025-11-17 13:02:24 - Processing materia ID: 1
2025-11-17 13:02:24 - Notas: Array
(
    [1] => Array
        (
            [parcial1] => 1
            [parcial2] => 1
            [final] => 
        )

)

2025-11-17 13:02:24 - Intentando incluir: C:\laragon\www\Repo 2do\Firme como Rulo\index/conexion.php
2025-11-17 13:02:26 - Raw input: {"id_materia":"1","notas":{"1":{"parcial1":1,"parcial2":1,"final":1}}}
2025-11-17 13:02:26 - Processed data: Array
(
    [id_materia] => 1
    [notas] => Array
        (
            [1] => Array
                (
                    [parcial1] => 1
                    [parcial2] => 1
                    [final] => 1
                )

        )

)

2025-11-17 13:02:26 - Processing materia ID: 1
2025-11-17 13:02:26 - Notas: Array
(
    [1] => Array
        (
            [parcial1] => 1
            [parcial2] => 1
            [final] => 1
        )

)

2025-11-17 13:02:26 - Intentando incluir: C:\laragon\www\Repo 2do\Firme como Rulo\index/conexion.php
2025-11-17 13:02:27 - Raw input: {"id_materia":"1","notas":{"2":{"parcial1":null,"parcial2":null,"final":null}}}
2025-11-17 13:02:27 - Processed data: Array
(
    [id_materia] => 1
    [notas] => Array
        (
            [2] => Array
                (
                    [parcial1] => 
                    [parcial2] => 
                    [final] => 
                )

        )

)

2025-11-17 13:02:27 - Processing materia ID: 1
2025-11-17 13:02:27 - Notas: Array
(
    [2] => Array
        (
            [parcial1] => 
            [parcial2] => 
            [final] => 
        )

)

2025-11-17 13:02:27 - Intentando incluir: C:\laragon\www\Repo 2do\Firme como Rulo\index/conexion.php
2025-11-17 13:02:31 - Raw input: {"id_materia":"1","notas":{"2":{"parcial1":null,"parcial2":null,"final":null}}}
2025-11-17 13:02:31 - Processed data: Array
(
    [id_materia] => 1
    [notas] => Array
        (
            [2] => Array
                (
                    [parcial1] => 
                    [parcial2] => 
                    [final] => 
                )

        )

)

2025-11-17 13:02:31 - Processing materia ID: 1
2025-11-17 13:02:31 - Notas: Array
(
    [2] => Array
        (
            [parcial1] => 
            [parcial2] => 
            [final] => 
        )

)

2025-11-17 13:02:31 - Intentando incluir: C:\laragon\www\Repo 2do\Firme como Rulo\index/conexion.php
2025-11-17 13:05:14 - Raw input: 
2025-11-17 13:05:14 - JSON decode error: Syntax error
2025-11-17 13:05:14 - Processed data: Array
(
)

2025-11-17 13:05:14 - Error: ID de materia es requerido
2025-11-17 13:05:37 - Raw input: 
2025-11-17 13:05:37 - JSON decode error: Syntax error
2025-11-17 13:05:37 - Processed data: Array
(
)

2025-11-17 13:05:37 - Error: ID de materia es requerido
2025-11-17 13:07:01 - Raw input: {"id_materia":"1","notas":{"2":{"parcial1":6,"parcial2":null,"final":null}}}
2025-11-17 13:07:01 - Processed data: Array
(
    [id_materia] => 1
    [notas] => Array
        (
            [2] => Array
                (
                    [parcial1] => 6
                    [parcial2] => 
                    [final] => 
                )

        )

)

2025-11-17 13:07:01 - Processing materia ID: 1
2025-11-17 13:07:01 - Notas: Array
(
    [2] => Array
        (
            [parcial1] => 6
            [parcial2] => 
            [final] => 
        )

)

2025-11-17 13:07:01 - Intentando incluir: C:\laragon\www\Repo 2do\Firme como Rulo\index/conexion.php
2025-11-17 13:07:02 - Raw input: {"id_materia":"1","notas":{"2":{"parcial1":6,"parcial2":8,"final":null}}}
2025-11-17 13:07:02 - Processed data: Array
(
    [id_materia] => 1
    [notas] => Array
        (
            [2] => Array
                (
                    [parcial1] => 6
                    [parcial2] => 8
                    [final] => 
                )

        )

)

2025-11-17 13:07:02 - Processing materia ID: 1
2025-11-17 13:07:02 - Notas: Array
(
    [2] => Array
        (
            [parcial1] => 6
            [parcial2] => 8
            [final] => 
        )

)

2025-11-17 13:07:02 - Intentando incluir: C:\laragon\www\Repo 2do\Firme como Rulo\index/conexion.php
2025-11-17 13:07:04 - Raw input: {"id_materia":"1","notas":{"2":{"parcial1":6,"parcial2":8,"final":10}}}
2025-11-17 13:07:04 - Processed data: Array
(
    [id_materia] => 1
    [notas] => Array
        (
            [2] => Array
                (
                    [parcial1] => 6
                    [parcial2] => 8
                    [final] => 10
                )

        )

)

2025-11-17 13:07:04 - Processing materia ID: 1
2025-11-17 13:07:04 - Notas: Array
(
    [2] => Array
        (
            [parcial1] => 6
            [parcial2] => 8
            [final] => 10
        )

)

2025-11-17 13:07:04 - Intentando incluir: C:\laragon\www\Repo 2do\Firme como Rulo\index/conexion.php
2025-11-17 13:07:06 - Raw input: {"id_materia":"1","notas":{"3":{"parcial1":5,"parcial2":null,"final":null}}}
2025-11-17 13:07:06 - Processed data: Array
(
    [id_materia] => 1
    [notas] => Array
        (
            [3] => Array
                (
                    [parcial1] => 5
                    [parcial2] => 
                    [final] => 
                )

        )

)

2025-11-17 13:07:06 - Processing materia ID: 1
2025-11-17 13:07:06 - Notas: Array
(
    [3] => Array
        (
            [parcial1] => 5
            [parcial2] => 
            [final] => 
        )

)

2025-11-17 13:07:06 - Intentando incluir: C:\laragon\www\Repo 2do\Firme como Rulo\index/conexion.php
2025-11-17 13:07:06 - Raw input: {"id_materia":"1","notas":{"3":{"parcial1":5,"parcial2":7,"final":null}}}
2025-11-17 13:07:06 - Processed data: Array
(
    [id_materia] => 1
    [notas] => Array
        (
            [3] => Array
                (
                    [parcial1] => 5
                    [parcial2] => 7
                    [final] => 
                )

        )

)

2025-11-17 13:07:06 - Processing materia ID: 1
2025-11-17 13:07:06 - Notas: Array
(
    [3] => Array
        (
            [parcial1] => 5
            [parcial2] => 7
            [final] => 
        )

)

2025-11-17 13:07:06 - Intentando incluir: C:\laragon\www\Repo 2do\Firme como Rulo\index/conexion.php
2025-11-17 13:07:08 - Raw input: {"id_materia":"1","notas":{"3":{"parcial1":5,"parcial2":7,"final":8}}}
2025-11-17 13:07:08 - Processed data: Array
(
    [id_materia] => 1
    [notas] => Array
        (
            [3] => Array
                (
                    [parcial1] => 5
                    [parcial2] => 7
                    [final] => 8
                )

        )

)

2025-11-17 13:07:08 - Processing materia ID: 1
2025-11-17 13:07:08 - Notas: Array
(
    [3] => Array
        (
            [parcial1] => 5
            [parcial2] => 7
            [final] => 8
        )

)

2025-11-17 13:07:08 - Intentando incluir: C:\laragon\www\Repo 2do\Firme como Rulo\index/conexion.php
2025-11-17 13:07:26 - Raw input: {"id_materia":"1","notas":{"4":{"parcial1":null,"parcial2":null,"final":null}}}
2025-11-17 13:07:26 - Processed data: Array
(
    [id_materia] => 1
    [notas] => Array
        (
            [4] => Array
                (
                    [parcial1] => 
                    [parcial2] => 
                    [final] => 
                )

        )

)

2025-11-17 13:07:26 - Processing materia ID: 1
2025-11-17 13:07:26 - Notas: Array
(
    [4] => Array
        (
            [parcial1] => 
            [parcial2] => 
            [final] => 
        )

)

2025-11-17 13:07:26 - Intentando incluir: C:\laragon\www\Repo 2do\Firme como Rulo\index/conexion.php
2025-11-17 13:07:33 - Raw input: 
2025-11-17 13:07:33 - JSON decode error: Syntax error
2025-11-17 13:07:33 - Processed data: Array
(
)

2025-11-17 13:07:33 - Error: ID de materia es requerido
2025-11-17 13:08:04 - Raw input: {"id_materia":"1","notas":{"4":{"parcial1":8,"parcial2":null,"final":null}}}
2025-11-17 13:08:04 - Processed data: Array
(
    [id_materia] => 1
    [notas] => Array
        (
            [4] => Array
                (
                    [parcial1] => 8
                    [parcial2] => 
                    [final] => 
                )

        )

)

2025-11-17 13:08:04 - Processing materia ID: 1
2025-11-17 13:08:04 - Notas: Array
(
    [4] => Array
        (
            [parcial1] => 8
            [parcial2] => 
            [final] => 
        )

)

2025-11-17 13:08:04 - Intentando incluir: C:\laragon\www\Repo 2do\Firme como Rulo\index/conexion.php
2025-11-17 13:08:05 - Raw input: {"id_materia":"1","notas":{"4":{"parcial1":8,"parcial2":6,"final":null}}}
2025-11-17 13:08:05 - Processed data: Array
(
    [id_materia] => 1
    [notas] => Array
        (
            [4] => Array
                (
                    [parcial1] => 8
                    [parcial2] => 6
                    [final] => 
                )

        )

)

2025-11-17 13:08:05 - Processing materia ID: 1
2025-11-17 13:08:05 - Notas: Array
(
    [4] => Array
        (
            [parcial1] => 8
            [parcial2] => 6
            [final] => 
        )

)

2025-11-17 13:08:05 - Intentando incluir: C:\laragon\www\Repo 2do\Firme como Rulo\index/conexion.php
2025-11-17 13:08:06 - Raw input: {"id_materia":"1","notas":{"4":{"parcial1":8,"parcial2":6,"final":10}}}
2025-11-17 13:08:06 - Processed data: Array
(
    [id_materia] => 1
    [notas] => Array
        (
            [4] => Array
                (
                    [parcial1] => 8
                    [parcial2] => 6
                    [final] => 10
                )

        )

)

2025-11-17 13:08:06 - Processing materia ID: 1
2025-11-17 13:08:06 - Notas: Array
(
    [4] => Array
        (
            [parcial1] => 8
            [parcial2] => 6
            [final] => 10
        )

)

2025-11-17 13:08:06 - Intentando incluir: C:\laragon\www\Repo 2do\Firme como Rulo\index/conexion.php
2025-11-17 13:08:10 - Raw input: 
2025-11-17 13:08:10 - JSON decode error: Syntax error
2025-11-17 13:08:10 - Processed data: Array
(
)

2025-11-17 13:08:10 - Error: ID de materia es requerido
