[17-Nov-2025 10:18:58 UTC] PHP Warning:  require_once(../../../conexion.php): Failed to open stream: No such file or directory in C:\laragon\www\Repo 2do\Firme como Rulo\index\menu\ingresar\guardar_calificaciones.php on line 72
[17-Nov-2025 10:18:58 UTC] PHP Fatal error:  Uncaught Error: Failed opening required '../../../conexion.php' (include_path='.;C:/laragon/etc/php/pear') in C:\laragon\www\Repo 2do\Firme como Rulo\index\menu\ingresar\guardar_calificaciones.php:72
Stack trace:
#0 {main}
  thrown in C:\laragon\www\Repo 2do\Firme como Rulo\index\menu\ingresar\guardar_calificaciones.php on line 72
[17-Nov-2025 10:20:47 UTC] PHP Warning:  require_once(../../../conexion.php): Failed to open stream: No such file or directory in C:\laragon\www\Repo 2do\Firme como Rulo\index\menu\ingresar\guardar_calificaciones.php on line 72
[17-Nov-2025 10:20:47 UTC] PHP Fatal error:  Uncaught Error: Failed opening required '../../../conexion.php' (include_path='.;C:/laragon/etc/php/pear') in C:\laragon\www\Repo 2do\Firme como Rulo\index\menu\ingresar\guardar_calificaciones.php:72
Stack trace:
#0 {main}
  thrown in C:\laragon\www\Repo 2do\Firme como Rulo\index\menu\ingresar\guardar_calificaciones.php on line 72
[17-Nov-2025 10:22:15 UTC] PHP Warning:  require_once(C:\laragon\www\Repo 2do\Firme como Rulo/conexion.php): Failed to open stream: No such file or directory in C:\laragon\www\Repo 2do\Firme como Rulo\index\menu\ingresar\guardar_calificaciones.php on line 73
[17-Nov-2025 10:22:15 UTC] PHP Fatal error:  Uncaught Error: Failed opening required 'C:\laragon\www\Repo 2do\Firme como Rulo/conexion.php' (include_path='.;C:/laragon/etc/php/pear') in C:\laragon\www\Repo 2do\Firme como Rulo\index\menu\ingresar\guardar_calificaciones.php:73
Stack trace:
#0 {main}
  thrown in C:\laragon\www\Repo 2do\Firme como Rulo\index\menu\ingresar\guardar_calificaciones.php on line 73
[17-Nov-2025 12:49:58 UTC] PHP Warning:  require_once(C:\laragon\www\Repo 2do\Firme como Rulo/conexion.php): Failed to open stream: No such file or directory in C:\laragon\www\Repo 2do\Firme como Rulo\index\menu\ingresar\guardar_calificaciones.php on line 73
[17-Nov-2025 12:49:58 UTC] PHP Fatal error:  Uncaught Error: Failed opening required 'C:\laragon\www\Repo 2do\Firme como Rulo/conexion.php' (include_path='.;C:/laragon/etc/php/pear') in C:\laragon\www\Repo 2do\Firme como Rulo\index\menu\ingresar\guardar_calificaciones.php:73
Stack trace:
#0 {main}
  thrown in C:\laragon\www\Repo 2do\Firme como Rulo\index\menu\ingresar\guardar_calificaciones.php on line 73
[17-Nov-2025 12:58:06 UTC] PHP Warning:  require_once(C:\laragon\www\Repo 2do\Firme como Rulo/conexion.php): Failed to open stream: No such file or directory in C:\laragon\www\Repo 2do\Firme como Rulo\index\menu\ingresar\guardar_calificaciones.php on line 73
[17-Nov-2025 12:58:06 UTC] PHP Fatal error:  Uncaught Error: Failed opening required 'C:\laragon\www\Repo 2do\Firme como Rulo/conexion.php' (include_path='.;C:/laragon/etc/php/pear') in C:\laragon\www\Repo 2do\Firme como Rulo\index\menu\ingresar\guardar_calificaciones.php:73
Stack trace:
#0 {main}
  thrown in C:\laragon\www\Repo 2do\Firme como Rulo\index\menu\ingresar\guardar_calificaciones.php on line 73
[17-Nov-2025 12:58:07 UTC] PHP Warning:  require_once(C:\laragon\www\Repo 2do\Firme como Rulo/conexion.php): Failed to open stream: No such file or directory in C:\laragon\www\Repo 2do\Firme como Rulo\index\menu\ingresar\guardar_calificaciones.php on line 73
[17-Nov-2025 12:58:07 UTC] PHP Fatal error:  Uncaught Error: Failed opening required 'C:\laragon\www\Repo 2do\Firme como Rulo/conexion.php' (include_path='.;C:/laragon/etc/php/pear') in C:\laragon\www\Repo 2do\Firme como Rulo\index\menu\ingresar\guardar_calificaciones.php:73
Stack trace:
#0 {main}
  thrown in C:\laragon\www\Repo 2do\Firme como Rulo\index\menu\ingresar\guardar_calificaciones.php on line 73
[17-Nov-2025 12:58:08 UTC] PHP Warning:  require_once(C:\laragon\www\Repo 2do\Firme como Rulo/conexion.php): Failed to open stream: No such file or directory in C:\laragon\www\Repo 2do\Firme como Rulo\index\menu\ingresar\guardar_calificaciones.php on line 73
[17-Nov-2025 12:58:08 UTC] PHP Fatal error:  Uncaught Error: Failed opening required 'C:\laragon\www\Repo 2do\Firme como Rulo/conexion.php' (include_path='.;C:/laragon/etc/php/pear') in C:\laragon\www\Repo 2do\Firme como Rulo\index\menu\ingresar\guardar_calificaciones.php:73
Stack trace:
#0 {main}
  thrown in C:\laragon\www\Repo 2do\Firme como Rulo\index\menu\ingresar\guardar_calificaciones.php on line 73
[17-Nov-2025 12:58:10 UTC] PHP Warning:  require_once(C:\laragon\www\Repo 2do\Firme como Rulo/conexion.php): Failed to open stream: No such file or directory in C:\laragon\www\Repo 2do\Firme como Rulo\index\menu\ingresar\guardar_calificaciones.php on line 73
[17-Nov-2025 12:58:10 UTC] PHP Fatal error:  Uncaught Error: Failed opening required 'C:\laragon\www\Repo 2do\Firme como Rulo/conexion.php' (include_path='.;C:/laragon/etc/php/pear') in C:\laragon\www\Repo 2do\Firme como Rulo\index\menu\ingresar\guardar_calificaciones.php:73
Stack trace:
#0 {main}
  thrown in C:\laragon\www\Repo 2do\Firme como Rulo\index\menu\ingresar\guardar_calificaciones.php on line 73
[17-Nov-2025 12:58:12 UTC] PHP Warning:  require_once(C:\laragon\www\Repo 2do\Firme como Rulo/conexion.php): Failed to open stream: No such file or directory in C:\laragon\www\Repo 2do\Firme como Rulo\index\menu\ingresar\guardar_calificaciones.php on line 73
[17-Nov-2025 12:58:12 UTC] PHP Fatal error:  Uncaught Error: Failed opening required 'C:\laragon\www\Repo 2do\Firme como Rulo/conexion.php' (include_path='.;C:/laragon/etc/php/pear') in C:\laragon\www\Repo 2do\Firme como Rulo\index\menu\ingresar\guardar_calificaciones.php:73
Stack trace:
#0 {main}
  thrown in C:\laragon\www\Repo 2do\Firme como Rulo\index\menu\ingresar\guardar_calificaciones.php on line 73
[17-Nov-2025 12:58:15 UTC] PHP Warning:  require_once(C:\laragon\www\Repo 2do\Firme como Rulo/conexion.php): Failed to open stream: No such file or directory in C:\laragon\www\Repo 2do\Firme como Rulo\index\menu\ingresar\guardar_calificaciones.php on line 73
[17-Nov-2025 12:58:15 UTC] PHP Fatal error:  Uncaught Error: Failed opening required 'C:\laragon\www\Repo 2do\Firme como Rulo/conexion.php' (include_path='.;C:/laragon/etc/php/pear') in C:\laragon\www\Repo 2do\Firme como Rulo\index\menu\ingresar\guardar_calificaciones.php:73
Stack trace:
#0 {main}
  thrown in C:\laragon\www\Repo 2do\Firme como Rulo\index\menu\ingresar\guardar_calificaciones.php on line 73
[17-Nov-2025 12:58:17 UTC] PHP Warning:  require_once(C:\laragon\www\Repo 2do\Firme como Rulo/conexion.php): Failed to open stream: No such file or directory in C:\laragon\www\Repo 2do\Firme como Rulo\index\menu\ingresar\guardar_calificaciones.php on line 73
[17-Nov-2025 12:58:17 UTC] PHP Fatal error:  Uncaught Error: Failed opening required 'C:\laragon\www\Repo 2do\Firme como Rulo/conexion.php' (include_path='.;C:/laragon/etc/php/pear') in C:\laragon\www\Repo 2do\Firme como Rulo\index\menu\ingresar\guardar_calificaciones.php:73
Stack trace:
#0 {main}
  thrown in C:\laragon\www\Repo 2do\Firme como Rulo\index\menu\ingresar\guardar_calificaciones.php on line 73
[17-Nov-2025 12:58:19 UTC] PHP Warning:  require_once(C:\laragon\www\Repo 2do\Firme como Rulo/conexion.php): Failed to open stream: No such file or directory in C:\laragon\www\Repo 2do\Firme como Rulo\index\menu\ingresar\guardar_calificaciones.php on line 73
[17-Nov-2025 12:58:19 UTC] PHP Fatal error:  Uncaught Error: Failed opening required 'C:\laragon\www\Repo 2do\Firme como Rulo/conexion.php' (include_path='.;C:/laragon/etc/php/pear') in C:\laragon\www\Repo 2do\Firme como Rulo\index\menu\ingresar\guardar_calificaciones.php:73
Stack trace:
#0 {main}
  thrown in C:\laragon\www\Repo 2do\Firme como Rulo\index\menu\ingresar\guardar_calificaciones.php on line 73
[17-Nov-2025 12:59:08 UTC] PHP Warning:  require_once(C:\laragon\www\Repo 2do\Firme como Rulo/conexion.php): Failed to open stream: No such file or directory in C:\laragon\www\Repo 2do\Firme como Rulo\index\menu\ingresar\guardar_calificaciones.php on line 73
[17-Nov-2025 12:59:08 UTC] PHP Fatal error:  Uncaught Error: Failed opening required 'C:\laragon\www\Repo 2do\Firme como Rulo/conexion.php' (include_path='.;C:/laragon/etc/php/pear') in C:\laragon\www\Repo 2do\Firme como Rulo\index\menu\ingresar\guardar_calificaciones.php:73
Stack trace:
#0 {main}
  thrown in C:\laragon\www\Repo 2do\Firme como Rulo\index\menu\ingresar\guardar_calificaciones.php on line 73
[17-Nov-2025 12:59:12 UTC] PHP Warning:  require_once(C:\laragon\www\Repo 2do\Firme como Rulo/conexion.php): Failed to open stream: No such file or directory in C:\laragon\www\Repo 2do\Firme como Rulo\index\menu\ingresar\guardar_calificaciones.php on line 73
[17-Nov-2025 12:59:12 UTC] PHP Fatal error:  Uncaught Error: Failed opening required 'C:\laragon\www\Repo 2do\Firme como Rulo/conexion.php' (include_path='.;C:/laragon/etc/php/pear') in C:\laragon\www\Repo 2do\Firme como Rulo\index\menu\ingresar\guardar_calificaciones.php:73
Stack trace:
#0 {main}
  thrown in C:\laragon\www\Repo 2do\Firme como Rulo\index\menu\ingresar\guardar_calificaciones.php on line 73
[17-Nov-2025 13:00:05 UTC] PHP Fatal error:  Uncaught Error: Class "Conexion" not found in C:\laragon\www\Repo 2do\Firme como Rulo\index\menu\ingresar\guardar_calificaciones.php:85
Stack trace:
#0 {main}
  thrown in C:\laragon\www\Repo 2do\Firme como Rulo\index\menu\ingresar\guardar_calificaciones.php on line 85
[17-Nov-2025 13:00:10 UTC] PHP Fatal error:  Uncaught Error: Class "Conexion" not found in C:\laragon\www\Repo 2do\Firme como Rulo\index\menu\ingresar\guardar_calificaciones.php:85
Stack trace:
#0 {main}
  thrown in C:\laragon\www\Repo 2do\Firme como Rulo\index\menu\ingresar\guardar_calificaciones.php on line 85
[17-Nov-2025 13:00:19 UTC] PHP Fatal error:  Uncaught Error: Class "Conexion" not found in C:\laragon\www\Repo 2do\Firme como Rulo\index\menu\ingresar\guardar_calificaciones.php:85
Stack trace:
#0 {main}
  thrown in C:\laragon\www\Repo 2do\Firme como Rulo\index\menu\ingresar\guardar_calificaciones.php on line 85
[17-Nov-2025 13:00:21 UTC] PHP Fatal error:  Uncaught Error: Class "Conexion" not found in C:\laragon\www\Repo 2do\Firme como Rulo\index\menu\ingresar\guardar_calificaciones.php:85
Stack trace:
#0 {main}
  thrown in C:\laragon\www\Repo 2do\Firme como Rulo\index\menu\ingresar\guardar_calificaciones.php on line 85
